2016-11-06 13:55:31 [trace][yii\base\Application::bootstrap]] Bootstrap with yii\log\Dispatcher
2016-11-06 13:55:31 [trace][yii\web\UrlRule::parseRequest]] Request parsed with URL rule: <prefix:cgi>/<module:\w+>/<Controller:\w+>/<action:[a-z0-9\-_]+>
2016-11-06 13:55:31 [trace][yii\web\Application::handleRequest]] Route requested: 'wy/cgi/login/find-password'
2016-11-06 13:55:31 [trace][yii\base\Controller::runAction]] Route to run: wy/cgi/login/find-password
2016-11-06 13:55:31 [trace][yii\base\InlineAction::runWithParams]] Running action: app\wy\cgi\LoginController::actionFindPassword()
2016-11-06 13:55:31 [info][application][Captcha.php:63=>LoginDAO.php:356=>LoginController.php:135] pic captcha: ZmcT
2016-11-06 13:55:31 [trace][application][Captcha.php:76=>LoginDAO.php:356=>LoginController.php:135] 图片验证码未生成
2016-11-06 13:55:31 [trace][application][LoginDAO.php:357=>LoginController.php:135=>LoginController.php:153] 图片验证码错误
2016-11-06 13:55:31 [error][Error]] 'Error: Undefined class constant \'ERR_WRONG_PIC_CAPTCHA\' in /Users/apple/software/project/workspace/wy/src/wy-back-end/web/biz/wy/dao/LoginDAO.php:358
Stack trace:
#0 /Users/apple/software/project/workspace/wy/src/wy-back-end/web/biz/wy/cgi/LoginController.php(135): app\\wy\\dao\\LoginDAO->findPassword(Array, NULL)
#1 /Users/apple/software/project/workspace/wy/src/wy-back-end/web/biz/wy/cgi/LoginController.php(153): app\\wy\\cgi\\LoginController->_actionFindPassword()
#2 [internal function]: app\\wy\\cgi\\LoginController->actionFindPassword()
#3 /Users/apple/software/project/workspace/wy/src/wy-back-end/framework/base/InlineAction.php(55): call_user_func_array(Array, Array)
#4 /Users/apple/software/project/workspace/wy/src/wy-back-end/framework/base/Controller.php(154): yii\\base\\InlineAction->runWithParams(Array)
#5 /Users/apple/software/project/workspace/wy/src/wy-back-end/framework/base/Module.php(454): yii\\base\\Controller->runAction(\'find-password\', Array)
#6 /Users/apple/software/project/workspace/wy/src/wy-back-end/framework/web/Application.php(100): yii\\base\\Module->runAction(\'wy/cgi/login/fi...\', Array)
#7 /Users/apple/software/project/workspace/wy/src/wy-back-end/framework/base/Application.php(375): yii\\web\\Application->handleRequest(Object(yii\\web\\Request))
#8 /Users/apple/software/project/workspace/wy/src/wy-back-end/web/index/index.php(17): yii\\base\\Application->run()
#9 {main}'


2016-11-06 13:56:38 [trace][yii\base\Application::bootstrap]] Bootstrap with yii\log\Dispatcher
2016-11-06 13:56:38 [trace][yii\web\UrlRule::parseRequest]] Request parsed with URL rule: <prefix:cgi>/<module:\w+>/<Controller:\w+>/<action:[a-z0-9\-_]+>
2016-11-06 13:56:38 [trace][yii\web\Application::handleRequest]] Route requested: 'wy/cgi/login/find-password'
2016-11-06 13:56:38 [trace][yii\base\Controller::runAction]] Route to run: wy/cgi/login/find-password
2016-11-06 13:56:38 [trace][yii\base\InlineAction::runWithParams]] Running action: app\wy\cgi\LoginController::actionFindPassword()
2016-11-06 13:56:38 [info][application][Captcha.php:63=>LoginDAO.php:356=>LoginController.php:135] pic captcha: ZmcT
2016-11-06 13:56:38 [trace][application][Captcha.php:76=>LoginDAO.php:356=>LoginController.php:135] 图片验证码未生成
2016-11-06 13:56:38 [trace][application][LoginDAO.php:357=>LoginController.php:135=>LoginController.php:153] 图片验证码错误
2016-11-06 13:56:38 [error][application][LoginController.php:137=>LoginController.php:153] 找回密码失败


