2016-11-06 14:04:00 [trace][yii\base\Application::bootstrap]] Bootstrap with yii\log\Dispatcher
2016-11-06 14:04:00 [trace][yii\web\UrlRule::parseRequest]] Request parsed with URL rule: <prefix:cgi>/<module:\w+>/<Controller:\w+>/<action:[a-z0-9\-_]+>
2016-11-06 14:04:00 [trace][yii\web\Application::handleRequest]] Route requested: 'wy/cgi/misc/gen-pic'
2016-11-06 14:04:00 [trace][yii\base\Controller::runAction]] Route to run: wy/cgi/misc/gen-pic
2016-11-06 14:04:00 [trace][yii\base\InlineAction::runWithParams]] Running action: app\wy\cgi\MiscController::actionGenPic()
2016-11-06 14:04:00 [info][application][Captcha.php:23=>MiscDAO.php:68=>MiscController.php:18] picture captcha: ROKW


2016-11-07 12:10:56 [trace][yii\base\Application::bootstrap]] Bootstrap with yii\log\Dispatcher
2016-11-07 12:10:57 [trace][yii\web\UrlRule::parseRequest]] Request parsed with URL rule: <prefix:cgi>/<module:\w+>/<Controller:\w+>/<action:[a-z0-9\-_]+>
2016-11-07 12:10:57 [trace][yii\web\Application::handleRequest]] Route requested: 'wy/cgi/misc/gen-pic'
2016-11-07 12:11:01 [trace][yii\base\Controller::runAction]] Route to run: wy/cgi/misc/gen-pic
2016-11-07 12:11:02 [trace][yii\base\InlineAction::runWithParams]] Running action: app\wy\cgi\MiscController::actionGenPic()
2016-11-07 12:11:07 [info][application][Captcha.php:23=>MiscDAO.php:68=>MiscController.php:18] picture captcha: i5UB


2016-11-07 12:26:44 [trace][yii\base\Application::bootstrap]] Bootstrap with yii\log\Dispatcher
2016-11-07 12:26:44 [trace][yii\web\UrlRule::parseRequest]] Request parsed with URL rule: <prefix:cgi>/<module:\w+>/<Controller:\w+>/<action:[a-z0-9\-_]+>
2016-11-07 12:26:44 [trace][yii\web\Application::handleRequest]] Route requested: 'wy/cgi/misc/gen-pic'
2016-11-07 12:26:44 [trace][yii\base\Controller::runAction]] Route to run: wy/cgi/misc/gen-pic
2016-11-07 12:26:44 [trace][yii\base\InlineAction::runWithParams]] Running action: app\wy\cgi\MiscController::actionGenPic()
2016-11-07 12:26:44 [info][application][Captcha.php:23=>MiscDAO.php:68=>MiscController.php:18] picture captcha: 1dv9


2016-11-07 14:00:40 [trace][yii\base\Application::bootstrap]] Bootstrap with yii\log\Dispatcher
2016-11-07 14:00:40 [trace][yii\web\UrlRule::parseRequest]] Request parsed with URL rule: <prefix:cgi>/<module:\w+>/<Controller:\w+>/<action:[a-z0-9\-_]+>
2016-11-07 14:00:40 [trace][yii\web\Application::handleRequest]] Route requested: 'wy/cgi/misc/gen-pic'
2016-11-07 14:00:40 [trace][yii\base\Controller::runAction]] Route to run: wy/cgi/misc/gen-pic
2016-11-07 14:00:40 [trace][yii\base\InlineAction::runWithParams]] Running action: app\wy\cgi\MiscController::actionGenPic()
2016-11-07 14:00:40 [info][application][Captcha.php:23=>MiscDAO.php:68=>MiscController.php:18] picture captcha: u3Pr


2016-11-07 14:00:51 [trace][yii\base\Application::bootstrap]] Bootstrap with yii\log\Dispatcher
2016-11-07 14:00:51 [trace][yii\web\UrlRule::parseRequest]] Request parsed with URL rule: <prefix:cgi>/<module:\w+>/<Controller:\w+>/<action:[a-z0-9\-_]+>
2016-11-07 14:00:51 [trace][yii\web\Application::handleRequest]] Route requested: 'wy/cgi/misc/gen-pic'
2016-11-07 14:00:51 [trace][yii\base\Controller::runAction]] Route to run: wy/cgi/misc/gen-pic
2016-11-07 14:00:51 [trace][yii\base\InlineAction::runWithParams]] Running action: app\wy\cgi\MiscController::actionGenPic()
2016-11-07 14:00:51 [info][application][Captcha.php:23=>MiscDAO.php:68=>MiscController.php:18] picture captcha: 43xU


