2016-11-07 15:06:31 [trace][yii\base\Application::bootstrap]] Bootstrap with yii\log\Dispatcher
2016-11-07 15:06:31 [trace][yii\web\UrlRule::parseRequest]] Request parsed with URL rule: <prefix:cgi>/<module:\w+>/<Controller:\w+>/<action:[a-z0-9\-_]+>
2016-11-07 15:06:31 [trace][yii\web\Application::handleRequest]] Route requested: 'wy/cgi/login/login'
2016-11-07 15:06:31 [trace][yii\base\Controller::runAction]] Route to run: wy/cgi/login/login
2016-11-07 15:06:31 [trace][yii\base\InlineAction::runWithParams]] Running action: app\wy\cgi\LoginController::actionLogin()
2016-11-07 15:06:31 [trace][application][LoginDAO.php:156=>LoginController.php:58=>LoginController.php:74] query sql: select Account, Passwd, UserName from UserInfo where Account=:account
2016-11-07 15:06:31 [info][application][LoginDAO.php:174=>LoginController.php:58=>LoginController.php:74] input passwd: c6f057b86584942e415435ffb1fa93d4, db passwd: 865c9546d0db4d0cd28c451262052fb9
2016-11-07 15:06:31 [error][application][LoginDAO.php:195=>LoginController.php:58=>LoginController.php:74] The input password is wrong
2016-11-07 15:06:31 [error][application][LoginController.php:60=>LoginController.php:74] 登录失败


2016-11-07 15:07:34 [trace][yii\base\Application::bootstrap]] Bootstrap with yii\log\Dispatcher
2016-11-07 15:07:34 [trace][yii\web\UrlRule::parseRequest]] Request parsed with URL rule: <prefix:cgi>/<module:\w+>/<Controller:\w+>/<action:[a-z0-9\-_]+>
2016-11-07 15:07:34 [trace][yii\web\Application::handleRequest]] Route requested: 'wy/cgi/login/login'
2016-11-07 15:07:34 [trace][yii\base\Controller::runAction]] Route to run: wy/cgi/login/login
2016-11-07 15:07:34 [trace][yii\base\InlineAction::runWithParams]] Running action: app\wy\cgi\LoginController::actionLogin()
2016-11-07 15:07:34 [trace][application][LoginDAO.php:156=>LoginController.php:58=>LoginController.php:74] query sql: select Account, Passwd, UserName from UserInfo where Account=:account
2016-11-07 15:07:34 [info][application][LoginDAO.php:174=>LoginController.php:58=>LoginController.php:74] input passwd: c6f057b86584942e415435ffb1fa93d4, db passwd: 865c9546d0db4d0cd28c451262052fb9
2016-11-07 15:07:34 [trace][application][LoginDAO.php:178=>LoginController.php:58=>LoginController.php:74] Successfully login


2016-11-07 15:14:03 [trace][yii\base\Application::bootstrap]] Bootstrap with yii\log\Dispatcher
2016-11-07 15:14:03 [trace][yii\web\UrlRule::parseRequest]] Request parsed with URL rule: <prefix:cgi>/<module:\w+>/<Controller:\w+>/<action:[a-z0-9\-_]+>
2016-11-07 15:14:03 [trace][yii\web\Application::handleRequest]] Route requested: 'wy/cgi/login/login'
2016-11-07 15:14:03 [trace][yii\base\Controller::runAction]] Route to run: wy/cgi/login/login
2016-11-07 15:14:03 [trace][yii\base\InlineAction::runWithParams]] Running action: app\wy\cgi\LoginController::actionLogin()
2016-11-07 15:14:03 [trace][application][LoginDAO.php:156=>LoginController.php:58=>LoginController.php:74] query sql: select Account, Passwd, UserName from UserInfo where Account=:account
2016-11-07 15:14:03 [info][application][LoginDAO.php:174=>LoginController.php:58=>LoginController.php:74] input passwd: c6f057b86584942e415435ffb1fa93d4, db passwd: 865c9546d0db4d0cd28c451262052fb9
2016-11-07 15:14:03 [trace][application][LoginDAO.php:178=>LoginController.php:58=>LoginController.php:74] Successfully login


2016-11-07 15:19:17 [trace][yii\base\Application::bootstrap]] Bootstrap with yii\log\Dispatcher
2016-11-07 15:19:17 [trace][yii\web\UrlRule::parseRequest]] Request parsed with URL rule: <prefix:cgi>/<module:\w+>/<Controller:\w+>/<action:[a-z0-9\-_]+>
2016-11-07 15:19:17 [trace][yii\web\Application::handleRequest]] Route requested: 'wy/cgi/login/login'
2016-11-07 15:19:17 [trace][yii\base\Controller::runAction]] Route to run: wy/cgi/login/login
2016-11-07 15:19:17 [trace][yii\base\InlineAction::runWithParams]] Running action: app\wy\cgi\LoginController::actionLogin()
2016-11-07 15:19:17 [trace][application][LoginDAO.php:156=>LoginController.php:58=>LoginController.php:74] query sql: select Account, Passwd, UserName from UserInfo where Account=:account
2016-11-07 15:19:17 [info][application][LoginDAO.php:174=>LoginController.php:58=>LoginController.php:74] input passwd: c6f057b86584942e415435ffb1fa93d4, db passwd: 865c9546d0db4d0cd28c451262052fb9
2016-11-07 15:19:17 [trace][application][LoginDAO.php:178=>LoginController.php:58=>LoginController.php:74] Successfully login


2016-11-07 15:20:23 [trace][yii\base\Application::bootstrap]] Bootstrap with yii\log\Dispatcher
2016-11-07 15:20:23 [trace][yii\web\UrlRule::parseRequest]] Request parsed with URL rule: <prefix:cgi>/<module:\w+>/<Controller:\w+>/<action:[a-z0-9\-_]+>
2016-11-07 15:20:23 [trace][yii\web\Application::handleRequest]] Route requested: 'wy/cgi/login/login'
2016-11-07 15:20:23 [trace][yii\base\Controller::runAction]] Route to run: wy/cgi/login/login
2016-11-07 15:20:23 [trace][yii\base\InlineAction::runWithParams]] Running action: app\wy\cgi\LoginController::actionLogin()
2016-11-07 15:20:23 [trace][application][LoginDAO.php:156=>LoginController.php:58=>LoginController.php:74] query sql: select Account, Passwd, UserName from UserInfo where Account=:account
2016-11-07 15:20:23 [info][application][LoginDAO.php:174=>LoginController.php:58=>LoginController.php:74] input passwd: c6f057b86584942e415435ffb1fa93d4, db passwd: 865c9546d0db4d0cd28c451262052fb9
2016-11-07 15:20:23 [trace][application][LoginDAO.php:178=>LoginController.php:58=>LoginController.php:74] Successfully login


2016-11-07 15:21:31 [trace][yii\base\Application::bootstrap]] Bootstrap with yii\log\Dispatcher
2016-11-07 15:21:31 [trace][yii\web\UrlRule::parseRequest]] Request parsed with URL rule: <prefix:cgi>/<module:\w+>/<Controller:\w+>/<action:[a-z0-9\-_]+>
2016-11-07 15:21:31 [trace][yii\web\Application::handleRequest]] Route requested: 'wy/cgi/login/login'
2016-11-07 15:21:31 [trace][yii\base\Controller::runAction]] Route to run: wy/cgi/login/login
2016-11-07 15:21:31 [trace][yii\base\InlineAction::runWithParams]] Running action: app\wy\cgi\LoginController::actionLogin()
2016-11-07 15:21:31 [trace][application][LoginDAO.php:156=>LoginController.php:58=>LoginController.php:74] query sql: select Account, Passwd, UserName from UserInfo where Account=:account
2016-11-07 15:21:31 [info][application][LoginDAO.php:174=>LoginController.php:58=>LoginController.php:74] input passwd: c6f057b86584942e415435ffb1fa93d4, db passwd: 865c9546d0db4d0cd28c451262052fb9
2016-11-07 15:21:31 [trace][application][LoginDAO.php:178=>LoginController.php:58=>LoginController.php:74] Successfully login


2016-11-07 15:22:11 [trace][yii\base\Application::bootstrap]] Bootstrap with yii\log\Dispatcher
2016-11-07 15:22:11 [trace][yii\web\UrlRule::parseRequest]] Request parsed with URL rule: <prefix:cgi>/<module:\w+>/<Controller:\w+>/<action:[a-z0-9\-_]+>
2016-11-07 15:22:11 [trace][yii\web\Application::handleRequest]] Route requested: 'wy/cgi/login/login'
2016-11-07 15:22:11 [trace][yii\base\Controller::runAction]] Route to run: wy/cgi/login/login
2016-11-07 15:22:11 [trace][yii\base\InlineAction::runWithParams]] Running action: app\wy\cgi\LoginController::actionLogin()
2016-11-07 15:22:11 [trace][application][LoginDAO.php:156=>LoginController.php:58=>LoginController.php:74] query sql: select Account, Passwd, UserName from UserInfo where Account=:account
2016-11-07 15:22:11 [info][application][LoginDAO.php:174=>LoginController.php:58=>LoginController.php:74] input passwd: c6f057b86584942e415435ffb1fa93d4, db passwd: 865c9546d0db4d0cd28c451262052fb9
2016-11-07 15:22:11 [trace][application][LoginDAO.php:178=>LoginController.php:58=>LoginController.php:74] Successfully login


2016-11-07 15:23:56 [trace][yii\base\Application::bootstrap]] Bootstrap with yii\log\Dispatcher
2016-11-07 15:23:56 [trace][yii\web\UrlRule::parseRequest]] Request parsed with URL rule: <prefix:cgi>/<module:\w+>/<Controller:\w+>/<action:[a-z0-9\-_]+>
2016-11-07 15:23:56 [trace][yii\web\Application::handleRequest]] Route requested: 'wy/cgi/login/login'
2016-11-07 15:23:56 [trace][yii\base\Controller::runAction]] Route to run: wy/cgi/login/login
2016-11-07 15:23:56 [trace][yii\base\InlineAction::runWithParams]] Running action: app\wy\cgi\LoginController::actionLogin()
2016-11-07 15:23:56 [trace][application][LoginDAO.php:156=>LoginController.php:58=>LoginController.php:74] query sql: select Account, Passwd, UserName from UserInfo where Account=:account
2016-11-07 15:23:56 [info][application][LoginDAO.php:174=>LoginController.php:58=>LoginController.php:74] input passwd: c6f057b86584942e415435ffb1fa93d4, db passwd: 865c9546d0db4d0cd28c451262052fb9
2016-11-07 15:23:56 [trace][application][LoginDAO.php:178=>LoginController.php:58=>LoginController.php:74] Successfully login


2016-11-07 15:26:09 [trace][yii\base\Application::bootstrap]] Bootstrap with yii\log\Dispatcher
2016-11-07 15:26:09 [trace][yii\web\UrlRule::parseRequest]] Request parsed with URL rule: <prefix:cgi>/<module:\w+>/<Controller:\w+>/<action:[a-z0-9\-_]+>
2016-11-07 15:26:09 [trace][yii\web\Application::handleRequest]] Route requested: 'wy/cgi/login/login'
2016-11-07 15:26:09 [trace][yii\base\Controller::runAction]] Route to run: wy/cgi/login/login
2016-11-07 15:26:09 [trace][yii\base\InlineAction::runWithParams]] Running action: app\wy\cgi\LoginController::actionLogin()
2016-11-07 15:26:09 [trace][application][LoginDAO.php:156=>LoginController.php:58=>LoginController.php:74] query sql: select Account, Passwd, UserName from UserInfo where Account=:account
2016-11-07 15:26:09 [info][application][LoginDAO.php:174=>LoginController.php:58=>LoginController.php:74] input passwd: c6f057b86584942e415435ffb1fa93d4, db passwd: 865c9546d0db4d0cd28c451262052fb9
2016-11-07 15:26:09 [trace][application][LoginDAO.php:178=>LoginController.php:58=>LoginController.php:74] Successfully login


2016-11-07 15:27:50 [trace][yii\base\Application::bootstrap]] Bootstrap with yii\log\Dispatcher
2016-11-07 15:27:50 [trace][yii\web\UrlRule::parseRequest]] Request parsed with URL rule: <prefix:cgi>/<module:\w+>/<Controller:\w+>/<action:[a-z0-9\-_]+>
2016-11-07 15:27:50 [trace][yii\web\Application::handleRequest]] Route requested: 'wy/cgi/login/login'
2016-11-07 15:27:50 [trace][yii\base\Controller::runAction]] Route to run: wy/cgi/login/login
2016-11-07 15:27:50 [trace][yii\base\InlineAction::runWithParams]] Running action: app\wy\cgi\LoginController::actionLogin()
2016-11-07 15:27:50 [trace][application][LoginDAO.php:156=>LoginController.php:58=>LoginController.php:74] query sql: select Account, Passwd, UserName from UserInfo where Account=:account
2016-11-07 15:27:50 [info][application][LoginDAO.php:174=>LoginController.php:58=>LoginController.php:74] input passwd: c6f057b86584942e415435ffb1fa93d4, db passwd: 865c9546d0db4d0cd28c451262052fb9
2016-11-07 15:27:50 [error][application][LoginDAO.php:195=>LoginController.php:58=>LoginController.php:74] The input password is wrong
2016-11-07 15:27:50 [error][application][LoginController.php:60=>LoginController.php:74] 登录失败


2016-11-07 15:29:17 [trace][yii\base\Application::bootstrap]] Bootstrap with yii\log\Dispatcher
2016-11-07 15:29:17 [trace][yii\web\UrlRule::parseRequest]] Request parsed with URL rule: <prefix:cgi>/<module:\w+>/<Controller:\w+>/<action:[a-z0-9\-_]+>
2016-11-07 15:29:17 [trace][yii\web\Application::handleRequest]] Route requested: 'wy/cgi/login/login'
2016-11-07 15:29:17 [trace][yii\base\Controller::runAction]] Route to run: wy/cgi/login/login
2016-11-07 15:29:17 [trace][yii\base\InlineAction::runWithParams]] Running action: app\wy\cgi\LoginController::actionLogin()
2016-11-07 15:29:17 [trace][application][LoginDAO.php:156=>LoginController.php:58=>LoginController.php:74] query sql: select Account, Passwd, UserName from UserInfo where Account=:account
2016-11-07 15:29:17 [info][application][LoginDAO.php:174=>LoginController.php:58=>LoginController.php:74] input passwd: c6f057b86584942e415435ffb1fa93d4, db passwd: 865c9546d0db4d0cd28c451262052fb9
2016-11-07 15:29:17 [trace][application][LoginDAO.php:178=>LoginController.php:58=>LoginController.php:74] Successfully login


2016-11-07 15:44:02 [trace][yii\base\Application::bootstrap]] Bootstrap with yii\log\Dispatcher
2016-11-07 15:44:02 [trace][yii\web\UrlRule::parseRequest]] Request parsed with URL rule: <prefix:cgi>/<module:\w+>/<Controller:\w+>/<action:[a-z0-9\-_]+>
2016-11-07 15:44:02 [trace][yii\web\Application::handleRequest]] Route requested: 'wy/cgi/login/login'
2016-11-07 15:44:02 [trace][yii\base\Controller::runAction]] Route to run: wy/cgi/login/login
2016-11-07 15:44:02 [trace][yii\base\InlineAction::runWithParams]] Running action: app\wy\cgi\LoginController::actionLogin()
2016-11-07 15:44:02 [trace][application][LoginDAO.php:156=>LoginController.php:58=>LoginController.php:74] query sql: select Account, Passwd, UserName from UserInfo where Account=:account
2016-11-07 15:44:02 [info][application][LoginDAO.php:174=>LoginController.php:58=>LoginController.php:74] input passwd: c6f057b86584942e415435ffb1fa93d4, db passwd: c6f057b86584942e415435ffb1fa93d4
2016-11-07 15:44:02 [trace][application][LoginDAO.php:178=>LoginController.php:58=>LoginController.php:74] Successfully login


2016-11-07 15:45:24 [trace][yii\base\Application::bootstrap]] Bootstrap with yii\log\Dispatcher
2016-11-07 15:45:24 [trace][yii\web\UrlRule::parseRequest]] Request parsed with URL rule: <prefix:cgi>/<module:\w+>/<Controller:\w+>/<action:[a-z0-9\-_]+>
2016-11-07 15:45:24 [trace][yii\web\Application::handleRequest]] Route requested: 'wy/cgi/login/login'
2016-11-07 15:45:24 [trace][yii\base\Controller::runAction]] Route to run: wy/cgi/login/login
2016-11-07 15:45:24 [trace][yii\base\InlineAction::runWithParams]] Running action: app\wy\cgi\LoginController::actionLogin()
2016-11-07 15:45:24 [trace][application][LoginDAO.php:156=>LoginController.php:58=>LoginController.php:74] query sql: select Account, Passwd, UserName from UserInfo where Account=:account
2016-11-07 15:45:24 [trace][application][LoginDAO.php:175=>LoginController.php:58=>LoginController.php:74] Successfully login


