2016-11-07 15:23:58 [trace][yii\base\Application::bootstrap]] Bootstrap with yii\log\Dispatcher
2016-11-07 15:23:58 [trace][yii\web\UrlRule::parseRequest]] Request parsed with URL rule: <prefix:cgi>/<module:\w+>/<Controller:\w+>/<action:[a-z0-9\-_]+>
2016-11-07 15:23:58 [trace][yii\web\Application::handleRequest]] Route requested: 'wy/cgi/login/update-passwd'
2016-11-07 15:23:58 [trace][yii\base\Controller::runAction]] Route to run: wy/cgi/login/update-passwd
2016-11-07 15:23:58 [trace][yii\base\InlineAction::runWithParams]] Running action: app\wy\cgi\LoginController::actionUpdatePasswd()
2016-11-07 15:23:58 [info][application][LoginBehavior.php:114=>LoginDAO.php:413=>LoginController.php:163] 登陆校验成功
2016-11-07 15:23:58 [trace][application][LoginDAO.php:422=>LoginController.php:163=>LoginController.php:177] query sql: select Account, Passwd, UserName from UserInfo where Account=:account
2016-11-07 15:23:58 [error][application][LoginDAO.php:425=>LoginController.php:163=>LoginController.php:177] The user() doesn't exist
2016-11-07 15:23:58 [error][application][LoginController.php:165=>LoginController.php:177] 更新密码失败


2016-11-07 15:24:32 [trace][yii\base\Application::bootstrap]] Bootstrap with yii\log\Dispatcher
2016-11-07 15:24:32 [trace][yii\web\UrlRule::parseRequest]] Request parsed with URL rule: <prefix:cgi>/<module:\w+>/<Controller:\w+>/<action:[a-z0-9\-_]+>
2016-11-07 15:24:32 [trace][yii\web\Application::handleRequest]] Route requested: 'wy/cgi/login/update-passwd'
2016-11-07 15:24:32 [trace][yii\base\Controller::runAction]] Route to run: wy/cgi/login/update-passwd
2016-11-07 15:24:32 [trace][yii\base\InlineAction::runWithParams]] Running action: app\wy\cgi\LoginController::actionUpdatePasswd()
2016-11-07 15:24:32 [info][application][LoginBehavior.php:114=>LoginDAO.php:413=>LoginController.php:163] 登陆校验成功
2016-11-07 15:24:32 [error][yii\base\ErrorException:8]] 'yii\\base\\ErrorException: Undefined index: _user_ in /Users/apple/software/project/workspace/wy/src/wy-back-end/web/biz/wy/dao/LoginDAO.php:421
Stack trace:
#0 /Users/apple/software/project/workspace/wy/src/wy-back-end/web/biz/wy/dao/LoginDAO.php(421): yii\\base\\ErrorHandler->handleError(8, \'Undefined index...\', \'/Users/apple/so...\', 421, Array)
#1 /Users/apple/software/project/workspace/wy/src/wy-back-end/web/biz/wy/cgi/LoginController.php(163): app\\wy\\dao\\LoginDAO->updatePassword(Array, NULL)
#2 /Users/apple/software/project/workspace/wy/src/wy-back-end/web/biz/wy/cgi/LoginController.php(177): app\\wy\\cgi\\LoginController->_actionUpdatePasswd()
#3 [internal function]: app\\wy\\cgi\\LoginController->actionUpdatePasswd()
#4 /Users/apple/software/project/workspace/wy/src/wy-back-end/framework/base/InlineAction.php(55): call_user_func_array(Array, Array)
#5 /Users/apple/software/project/workspace/wy/src/wy-back-end/framework/base/Controller.php(154): yii\\base\\InlineAction->runWithParams(Array)
#6 /Users/apple/software/project/workspace/wy/src/wy-back-end/framework/base/Module.php(454): yii\\base\\Controller->runAction(\'update-passwd\', Array)
#7 /Users/apple/software/project/workspace/wy/src/wy-back-end/framework/web/Application.php(100): yii\\base\\Module->runAction(\'wy/cgi/login/up...\', Array)
#8 /Users/apple/software/project/workspace/wy/src/wy-back-end/framework/base/Application.php(375): yii\\web\\Application->handleRequest(Object(yii\\web\\Request))
#9 /Users/apple/software/project/workspace/wy/src/wy-back-end/web/index/index.php(17): yii\\base\\Application->run()
#10 {main}'


2016-11-07 15:24:49 [trace][yii\base\Application::bootstrap]] Bootstrap with yii\log\Dispatcher
2016-11-07 15:24:49 [trace][yii\web\UrlRule::parseRequest]] Request parsed with URL rule: <prefix:cgi>/<module:\w+>/<Controller:\w+>/<action:[a-z0-9\-_]+>
2016-11-07 15:24:49 [trace][yii\web\Application::handleRequest]] Route requested: 'wy/cgi/login/update-passwd'
2016-11-07 15:24:49 [trace][yii\base\Controller::runAction]] Route to run: wy/cgi/login/update-passwd
2016-11-07 15:24:49 [trace][yii\base\InlineAction::runWithParams]] Running action: app\wy\cgi\LoginController::actionUpdatePasswd()
2016-11-07 15:24:49 [info][application][LoginBehavior.php:114=>LoginDAO.php:413=>LoginController.php:163] 登陆校验成功
2016-11-07 15:24:49 [error][yii\base\ErrorException:8]] 'yii\\base\\ErrorException: Undefined index: _user_ in /Users/apple/software/project/workspace/wy/src/wy-back-end/web/biz/wy/dao/LoginDAO.php:422
Stack trace:
#0 /Users/apple/software/project/workspace/wy/src/wy-back-end/web/biz/wy/dao/LoginDAO.php(422): yii\\base\\ErrorHandler->handleError(8, \'Undefined index...\', \'/Users/apple/so...\', 422, Array)
#1 /Users/apple/software/project/workspace/wy/src/wy-back-end/web/biz/wy/cgi/LoginController.php(163): app\\wy\\dao\\LoginDAO->updatePassword(Array, NULL)
#2 /Users/apple/software/project/workspace/wy/src/wy-back-end/web/biz/wy/cgi/LoginController.php(177): app\\wy\\cgi\\LoginController->_actionUpdatePasswd()
#3 [internal function]: app\\wy\\cgi\\LoginController->actionUpdatePasswd()
#4 /Users/apple/software/project/workspace/wy/src/wy-back-end/framework/base/InlineAction.php(55): call_user_func_array(Array, Array)
#5 /Users/apple/software/project/workspace/wy/src/wy-back-end/framework/base/Controller.php(154): yii\\base\\InlineAction->runWithParams(Array)
#6 /Users/apple/software/project/workspace/wy/src/wy-back-end/framework/base/Module.php(454): yii\\base\\Controller->runAction(\'update-passwd\', Array)
#7 /Users/apple/software/project/workspace/wy/src/wy-back-end/framework/web/Application.php(100): yii\\base\\Module->runAction(\'wy/cgi/login/up...\', Array)
#8 /Users/apple/software/project/workspace/wy/src/wy-back-end/framework/base/Application.php(375): yii\\web\\Application->handleRequest(Object(yii\\web\\Request))
#9 /Users/apple/software/project/workspace/wy/src/wy-back-end/web/index/index.php(17): yii\\base\\Application->run()
#10 {main}'


2016-11-07 15:24:56 [trace][yii\base\Application::bootstrap]] Bootstrap with yii\log\Dispatcher
2016-11-07 15:24:56 [trace][yii\web\UrlRule::parseRequest]] Request parsed with URL rule: <prefix:cgi>/<module:\w+>/<Controller:\w+>/<action:[a-z0-9\-_]+>
2016-11-07 15:24:56 [trace][yii\web\Application::handleRequest]] Route requested: 'wy/cgi/login/update-passwd'
2016-11-07 15:24:56 [trace][yii\base\Controller::runAction]] Route to run: wy/cgi/login/update-passwd
2016-11-07 15:24:56 [trace][yii\base\InlineAction::runWithParams]] Running action: app\wy\cgi\LoginController::actionUpdatePasswd()
2016-11-07 15:24:56 [info][application][LoginBehavior.php:114=>LoginDAO.php:413=>LoginController.php:163] 登陆校验成功


2016-11-07 15:26:06 [trace][yii\base\Application::bootstrap]] Bootstrap with yii\log\Dispatcher
2016-11-07 15:26:06 [trace][yii\web\UrlRule::parseRequest]] Request parsed with URL rule: <prefix:cgi>/<module:\w+>/<Controller:\w+>/<action:[a-z0-9\-_]+>
2016-11-07 15:26:06 [trace][yii\web\Application::handleRequest]] Route requested: 'wy/cgi/login/update-passwd'
2016-11-07 15:26:06 [trace][yii\base\Controller::runAction]] Route to run: wy/cgi/login/update-passwd
2016-11-07 15:26:06 [trace][yii\base\InlineAction::runWithParams]] Running action: app\wy\cgi\LoginController::actionUpdatePasswd()
2016-11-07 15:26:06 [info][application][LoginBehavior.php:114=>LoginDAO.php:413=>LoginController.php:163] 登陆校验成功


2016-11-07 15:26:11 [trace][yii\base\Application::bootstrap]] Bootstrap with yii\log\Dispatcher
2016-11-07 15:26:11 [trace][yii\web\UrlRule::parseRequest]] Request parsed with URL rule: <prefix:cgi>/<module:\w+>/<Controller:\w+>/<action:[a-z0-9\-_]+>
2016-11-07 15:26:11 [trace][yii\web\Application::handleRequest]] Route requested: 'wy/cgi/login/update-passwd'
2016-11-07 15:26:11 [trace][yii\base\Controller::runAction]] Route to run: wy/cgi/login/update-passwd
2016-11-07 15:26:11 [trace][yii\base\InlineAction::runWithParams]] Running action: app\wy\cgi\LoginController::actionUpdatePasswd()
2016-11-07 15:26:11 [info][application][LoginBehavior.php:114=>LoginDAO.php:413=>LoginController.php:163] 登陆校验成功


2016-11-07 15:26:20 [trace][yii\base\Application::bootstrap]] Bootstrap with yii\log\Dispatcher
2016-11-07 15:26:20 [trace][yii\web\UrlRule::parseRequest]] Request parsed with URL rule: <prefix:cgi>/<module:\w+>/<Controller:\w+>/<action:[a-z0-9\-_]+>
2016-11-07 15:26:20 [trace][yii\web\Application::handleRequest]] Route requested: 'wy/cgi/login/update-passwd'
2016-11-07 15:26:20 [trace][yii\base\Controller::runAction]] Route to run: wy/cgi/login/update-passwd
2016-11-07 15:26:20 [trace][yii\base\InlineAction::runWithParams]] Running action: app\wy\cgi\LoginController::actionUpdatePasswd()
2016-11-07 15:26:20 [info][application][LoginBehavior.php:114=>LoginDAO.php:413=>LoginController.php:163] 登陆校验成功
2016-11-07 15:26:20 [trace][application][LoginDAO.php:422=>LoginController.php:163=>LoginController.php:177] query sql: select Account, Passwd, UserName from UserInfo where Account=:account
2016-11-07 15:26:20 [info][application][LoginDAO.php:441=>LoginController.php:163=>LoginController.php:177] new password: 000


2016-11-07 15:29:20 [trace][yii\base\Application::bootstrap]] Bootstrap with yii\log\Dispatcher
2016-11-07 15:29:20 [trace][yii\web\UrlRule::parseRequest]] Request parsed with URL rule: <prefix:cgi>/<module:\w+>/<Controller:\w+>/<action:[a-z0-9\-_]+>
2016-11-07 15:29:20 [trace][yii\web\Application::handleRequest]] Route requested: 'wy/cgi/login/update-passwd'
2016-11-07 15:29:20 [trace][yii\base\Controller::runAction]] Route to run: wy/cgi/login/update-passwd
2016-11-07 15:29:20 [trace][yii\base\InlineAction::runWithParams]] Running action: app\wy\cgi\LoginController::actionUpdatePasswd()
2016-11-07 15:29:20 [info][application][LoginBehavior.php:114=>LoginDAO.php:413=>LoginController.php:163] 登陆校验成功
2016-11-07 15:29:20 [trace][application][LoginDAO.php:422=>LoginController.php:163=>LoginController.php:177] query sql: select Account, Passwd, UserName from UserInfo where Account=:account
2016-11-07 15:29:20 [error][yii\base\ErrorException:8]] 'yii\\base\\ErrorException: Undefined index: Passwd in /Users/apple/software/project/workspace/wy/src/wy-back-end/web/biz/wy/dao/LoginDAO.php:435
Stack trace:
#0 /Users/apple/software/project/workspace/wy/src/wy-back-end/web/biz/wy/dao/LoginDAO.php(435): yii\\base\\ErrorHandler->handleError(8, \'Undefined index...\', \'/Users/apple/so...\', 435, Array)
#1 /Users/apple/software/project/workspace/wy/src/wy-back-end/web/biz/wy/cgi/LoginController.php(163): app\\wy\\dao\\LoginDAO->updatePassword(Array, NULL)
#2 /Users/apple/software/project/workspace/wy/src/wy-back-end/web/biz/wy/cgi/LoginController.php(177): app\\wy\\cgi\\LoginController->_actionUpdatePasswd()
#3 [internal function]: app\\wy\\cgi\\LoginController->actionUpdatePasswd()
#4 /Users/apple/software/project/workspace/wy/src/wy-back-end/framework/base/InlineAction.php(55): call_user_func_array(Array, Array)
#5 /Users/apple/software/project/workspace/wy/src/wy-back-end/framework/base/Controller.php(154): yii\\base\\InlineAction->runWithParams(Array)
#6 /Users/apple/software/project/workspace/wy/src/wy-back-end/framework/base/Module.php(454): yii\\base\\Controller->runAction(\'update-passwd\', Array)
#7 /Users/apple/software/project/workspace/wy/src/wy-back-end/framework/web/Application.php(100): yii\\base\\Module->runAction(\'wy/cgi/login/up...\', Array)
#8 /Users/apple/software/project/workspace/wy/src/wy-back-end/framework/base/Application.php(375): yii\\web\\Application->handleRequest(Object(yii\\web\\Request))
#9 /Users/apple/software/project/workspace/wy/src/wy-back-end/web/index/index.php(17): yii\\base\\Application->run()
#10 {main}'


2016-11-07 15:30:19 [trace][yii\base\Application::bootstrap]] Bootstrap with yii\log\Dispatcher
2016-11-07 15:30:19 [trace][yii\web\UrlRule::parseRequest]] Request parsed with URL rule: <prefix:cgi>/<module:\w+>/<Controller:\w+>/<action:[a-z0-9\-_]+>
2016-11-07 15:30:19 [trace][yii\web\Application::handleRequest]] Route requested: 'wy/cgi/login/update-passwd'
2016-11-07 15:30:19 [trace][yii\base\Controller::runAction]] Route to run: wy/cgi/login/update-passwd
2016-11-07 15:30:19 [trace][yii\base\InlineAction::runWithParams]] Running action: app\wy\cgi\LoginController::actionUpdatePasswd()
2016-11-07 15:30:19 [info][application][LoginBehavior.php:114=>LoginDAO.php:413=>LoginController.php:163] 登陆校验成功
2016-11-07 15:30:19 [trace][application][LoginDAO.php:422=>LoginController.php:163=>LoginController.php:177] query sql: select Account, Passwd, UserName from UserInfo where Account=:account
2016-11-07 15:30:19 [info][application][LoginDAO.php:443=>LoginController.php:163=>LoginController.php:177] new password: 000, md5: c6f057b86584942e415435ffb1fa93d4


2016-11-07 15:32:10 [trace][yii\base\Application::bootstrap]] Bootstrap with yii\log\Dispatcher
2016-11-07 15:32:10 [trace][yii\web\UrlRule::parseRequest]] Request parsed with URL rule: <prefix:cgi>/<module:\w+>/<Controller:\w+>/<action:[a-z0-9\-_]+>
2016-11-07 15:32:10 [trace][yii\web\Application::handleRequest]] Route requested: 'wy/cgi/login/update-passwd'
2016-11-07 15:32:10 [trace][yii\base\Controller::runAction]] Route to run: wy/cgi/login/update-passwd
2016-11-07 15:32:10 [trace][yii\base\InlineAction::runWithParams]] Running action: app\wy\cgi\LoginController::actionUpdatePasswd()
2016-11-07 15:32:10 [info][application][LoginBehavior.php:114=>LoginDAO.php:425=>LoginController.php:163] 登陆校验成功
2016-11-07 15:32:10 [trace][application][LoginDAO.php:434=>LoginController.php:163=>LoginController.php:177] query sql: select Account, Passwd, UserName from UserInfo where Account=:account
2016-11-07 15:32:10 [info][application][LoginDAO.php:455=>LoginController.php:163=>LoginController.php:177] new password: 000, md5: c6f057b86584942e415435ffb1fa93d4


2016-11-07 15:33:04 [trace][yii\base\Application::bootstrap]] Bootstrap with yii\log\Dispatcher
2016-11-07 15:33:04 [trace][yii\web\UrlRule::parseRequest]] Request parsed with URL rule: <prefix:cgi>/<module:\w+>/<Controller:\w+>/<action:[a-z0-9\-_]+>
2016-11-07 15:33:04 [trace][yii\web\Application::handleRequest]] Route requested: 'wy/cgi/login/update-passwd'
2016-11-07 15:33:04 [trace][yii\base\Controller::runAction]] Route to run: wy/cgi/login/update-passwd
2016-11-07 15:33:04 [trace][yii\base\InlineAction::runWithParams]] Running action: app\wy\cgi\LoginController::actionUpdatePasswd()
2016-11-07 15:33:04 [info][application][LoginBehavior.php:114=>LoginDAO.php:425=>LoginController.php:163] 登陆校验成功
2016-11-07 15:33:04 [trace][application][LoginDAO.php:434=>LoginController.php:163=>LoginController.php:177] query sql: select Account, Passwd, UserName from UserInfo where Account=:account
2016-11-07 15:33:04 [info][application][LoginDAO.php:455=>LoginController.php:163=>LoginController.php:177] new password: 000, md5: c6f057b86584942e415435ffb1fa93d4
2016-11-07 15:33:04 [error][Error]] 'Error: Call to undefined method app\\wy\\ao\\LoginBehavior::loginAccount() in /Users/apple/software/project/workspace/wy/src/wy-back-end/web/biz/wy/dao/LoginDAO.php:458
Stack trace:
#0 /Users/apple/software/project/workspace/wy/src/wy-back-end/web/biz/wy/cgi/LoginController.php(163): app\\wy\\dao\\LoginDAO->updatePassword(Array, NULL)
#1 /Users/apple/software/project/workspace/wy/src/wy-back-end/web/biz/wy/cgi/LoginController.php(177): app\\wy\\cgi\\LoginController->_actionUpdatePasswd()
#2 [internal function]: app\\wy\\cgi\\LoginController->actionUpdatePasswd()
#3 /Users/apple/software/project/workspace/wy/src/wy-back-end/framework/base/InlineAction.php(55): call_user_func_array(Array, Array)
#4 /Users/apple/software/project/workspace/wy/src/wy-back-end/framework/base/Controller.php(154): yii\\base\\InlineAction->runWithParams(Array)
#5 /Users/apple/software/project/workspace/wy/src/wy-back-end/framework/base/Module.php(454): yii\\base\\Controller->runAction(\'update-passwd\', Array)
#6 /Users/apple/software/project/workspace/wy/src/wy-back-end/framework/web/Application.php(100): yii\\base\\Module->runAction(\'wy/cgi/login/up...\', Array)
#7 /Users/apple/software/project/workspace/wy/src/wy-back-end/framework/base/Application.php(375): yii\\web\\Application->handleRequest(Object(yii\\web\\Request))
#8 /Users/apple/software/project/workspace/wy/src/wy-back-end/web/index/index.php(17): yii\\base\\Application->run()
#9 {main}'


2016-11-07 15:34:09 [trace][yii\base\Application::bootstrap]] Bootstrap with yii\log\Dispatcher
2016-11-07 15:34:09 [trace][yii\web\UrlRule::parseRequest]] Request parsed with URL rule: <prefix:cgi>/<module:\w+>/<Controller:\w+>/<action:[a-z0-9\-_]+>
2016-11-07 15:34:09 [trace][yii\web\Application::handleRequest]] Route requested: 'wy/cgi/login/update-passwd'
2016-11-07 15:34:09 [trace][yii\base\Controller::runAction]] Route to run: wy/cgi/login/update-passwd
2016-11-07 15:34:09 [trace][yii\base\InlineAction::runWithParams]] Running action: app\wy\cgi\LoginController::actionUpdatePasswd()
2016-11-07 15:34:09 [info][application][LoginBehavior.php:114=>LoginDAO.php:425=>LoginController.php:163] 登陆校验成功
2016-11-07 15:34:09 [trace][application][LoginDAO.php:434=>LoginController.php:163=>LoginController.php:177] query sql: select Account, Passwd, UserName from UserInfo where Account=:account
2016-11-07 15:34:09 [info][application][LoginDAO.php:455=>LoginController.php:163=>LoginController.php:177] new password: 000, md5: c6f057b86584942e415435ffb1fa93d4
2016-11-07 15:34:09 [error][PDOException]] 'PDOException: SQLSTATE[HY093]: Invalid parameter number: parameter was not defined in /Users/apple/software/project/workspace/wy/src/wy-back-end/component/db/PdoDb.php:210
Stack trace:
#0 /Users/apple/software/project/workspace/wy/src/wy-back-end/component/db/PdoDb.php(210): PDOStatement->execute()
#1 /Users/apple/software/project/workspace/wy/src/wy-back-end/web/biz/wy/dao/LoginDAO.php(460): component\\db\\PdoDb->execute(\'update UserInfo...\', Array)
#2 /Users/apple/software/project/workspace/wy/src/wy-back-end/web/biz/wy/cgi/LoginController.php(163): app\\wy\\dao\\LoginDAO->updatePassword(Array, NULL)
#3 /Users/apple/software/project/workspace/wy/src/wy-back-end/web/biz/wy/cgi/LoginController.php(177): app\\wy\\cgi\\LoginController->_actionUpdatePasswd()
#4 [internal function]: app\\wy\\cgi\\LoginController->actionUpdatePasswd()
#5 /Users/apple/software/project/workspace/wy/src/wy-back-end/framework/base/InlineAction.php(55): call_user_func_array(Array, Array)
#6 /Users/apple/software/project/workspace/wy/src/wy-back-end/framework/base/Controller.php(154): yii\\base\\InlineAction->runWithParams(Array)
#7 /Users/apple/software/project/workspace/wy/src/wy-back-end/framework/base/Module.php(454): yii\\base\\Controller->runAction(\'update-passwd\', Array)
#8 /Users/apple/software/project/workspace/wy/src/wy-back-end/framework/web/Application.php(100): yii\\base\\Module->runAction(\'wy/cgi/login/up...\', Array)
#9 /Users/apple/software/project/workspace/wy/src/wy-back-end/framework/base/Application.php(375): yii\\web\\Application->handleRequest(Object(yii\\web\\Request))
#10 /Users/apple/software/project/workspace/wy/src/wy-back-end/web/index/index.php(17): yii\\base\\Application->run()
#11 {main}'


2016-11-07 15:34:56 [trace][yii\base\Application::bootstrap]] Bootstrap with yii\log\Dispatcher
2016-11-07 15:34:56 [trace][yii\web\UrlRule::parseRequest]] Request parsed with URL rule: <prefix:cgi>/<module:\w+>/<Controller:\w+>/<action:[a-z0-9\-_]+>
2016-11-07 15:34:56 [trace][yii\web\Application::handleRequest]] Route requested: 'wy/cgi/login/update-passwd'
2016-11-07 15:34:56 [trace][yii\base\Controller::runAction]] Route to run: wy/cgi/login/update-passwd
2016-11-07 15:34:56 [trace][yii\base\InlineAction::runWithParams]] Running action: app\wy\cgi\LoginController::actionUpdatePasswd()
2016-11-07 15:34:56 [info][application][LoginBehavior.php:114=>LoginDAO.php:425=>LoginController.php:163] 登陆校验成功
2016-11-07 15:34:56 [trace][application][LoginDAO.php:434=>LoginController.php:163=>LoginController.php:177] query sql: select Account, Passwd, UserName from UserInfo where Account=:account
2016-11-07 15:34:56 [info][application][LoginDAO.php:455=>LoginController.php:163=>LoginController.php:177] new password: 000, md5: c6f057b86584942e415435ffb1fa93d4
2016-11-07 15:34:56 [error][Error]] 'Error: Function name must be a string in /Users/apple/software/project/workspace/wy/src/wy-back-end/web/biz/wy/dao/LoginDAO.php:458
Stack trace:
#0 /Users/apple/software/project/workspace/wy/src/wy-back-end/web/biz/wy/cgi/LoginController.php(163): app\\wy\\dao\\LoginDAO->updatePassword(Array, NULL)
#1 /Users/apple/software/project/workspace/wy/src/wy-back-end/web/biz/wy/cgi/LoginController.php(177): app\\wy\\cgi\\LoginController->_actionUpdatePasswd()
#2 [internal function]: app\\wy\\cgi\\LoginController->actionUpdatePasswd()
#3 /Users/apple/software/project/workspace/wy/src/wy-back-end/framework/base/InlineAction.php(55): call_user_func_array(Array, Array)
#4 /Users/apple/software/project/workspace/wy/src/wy-back-end/framework/base/Controller.php(154): yii\\base\\InlineAction->runWithParams(Array)
#5 /Users/apple/software/project/workspace/wy/src/wy-back-end/framework/base/Module.php(454): yii\\base\\Controller->runAction(\'update-passwd\', Array)
#6 /Users/apple/software/project/workspace/wy/src/wy-back-end/framework/web/Application.php(100): yii\\base\\Module->runAction(\'wy/cgi/login/up...\', Array)
#7 /Users/apple/software/project/workspace/wy/src/wy-back-end/framework/base/Application.php(375): yii\\web\\Application->handleRequest(Object(yii\\web\\Request))
#8 /Users/apple/software/project/workspace/wy/src/wy-back-end/web/index/index.php(17): yii\\base\\Application->run()
#9 {main}'


2016-11-07 15:35:35 [trace][yii\base\Application::bootstrap]] Bootstrap with yii\log\Dispatcher
2016-11-07 15:35:35 [trace][yii\web\UrlRule::parseRequest]] Request parsed with URL rule: <prefix:cgi>/<module:\w+>/<Controller:\w+>/<action:[a-z0-9\-_]+>
2016-11-07 15:35:35 [trace][yii\web\Application::handleRequest]] Route requested: 'wy/cgi/login/update-passwd'
2016-11-07 15:35:35 [trace][yii\base\Controller::runAction]] Route to run: wy/cgi/login/update-passwd
2016-11-07 15:35:35 [trace][yii\base\InlineAction::runWithParams]] Running action: app\wy\cgi\LoginController::actionUpdatePasswd()
2016-11-07 15:35:35 [info][application][LoginBehavior.php:114=>LoginDAO.php:425=>LoginController.php:163] 登陆校验成功
2016-11-07 15:35:35 [trace][application][LoginDAO.php:434=>LoginController.php:163=>LoginController.php:177] query sql: select Account, Passwd, UserName from UserInfo where Account=:account
2016-11-07 15:35:35 [info][application][LoginDAO.php:455=>LoginController.php:163=>LoginController.php:177] new password: 000, md5: c6f057b86584942e415435ffb1fa93d4
2016-11-07 15:35:35 [error][Error]] 'Error: Function name must be a string in /Users/apple/software/project/workspace/wy/src/wy-back-end/web/biz/wy/dao/LoginDAO.php:458
Stack trace:
#0 /Users/apple/software/project/workspace/wy/src/wy-back-end/web/biz/wy/cgi/LoginController.php(163): app\\wy\\dao\\LoginDAO->updatePassword(Array, NULL)
#1 /Users/apple/software/project/workspace/wy/src/wy-back-end/web/biz/wy/cgi/LoginController.php(177): app\\wy\\cgi\\LoginController->_actionUpdatePasswd()
#2 [internal function]: app\\wy\\cgi\\LoginController->actionUpdatePasswd()
#3 /Users/apple/software/project/workspace/wy/src/wy-back-end/framework/base/InlineAction.php(55): call_user_func_array(Array, Array)
#4 /Users/apple/software/project/workspace/wy/src/wy-back-end/framework/base/Controller.php(154): yii\\base\\InlineAction->runWithParams(Array)
#5 /Users/apple/software/project/workspace/wy/src/wy-back-end/framework/base/Module.php(454): yii\\base\\Controller->runAction(\'update-passwd\', Array)
#6 /Users/apple/software/project/workspace/wy/src/wy-back-end/framework/web/Application.php(100): yii\\base\\Module->runAction(\'wy/cgi/login/up...\', Array)
#7 /Users/apple/software/project/workspace/wy/src/wy-back-end/framework/base/Application.php(375): yii\\web\\Application->handleRequest(Object(yii\\web\\Request))
#8 /Users/apple/software/project/workspace/wy/src/wy-back-end/web/index/index.php(17): yii\\base\\Application->run()
#9 {main}'


2016-11-07 15:36:09 [trace][yii\base\Application::bootstrap]] Bootstrap with yii\log\Dispatcher
2016-11-07 15:36:09 [trace][yii\web\UrlRule::parseRequest]] Request parsed with URL rule: <prefix:cgi>/<module:\w+>/<Controller:\w+>/<action:[a-z0-9\-_]+>
2016-11-07 15:36:09 [trace][yii\web\Application::handleRequest]] Route requested: 'wy/cgi/login/update-passwd'
2016-11-07 15:36:09 [trace][yii\base\Controller::runAction]] Route to run: wy/cgi/login/update-passwd
2016-11-07 15:36:09 [trace][yii\base\InlineAction::runWithParams]] Running action: app\wy\cgi\LoginController::actionUpdatePasswd()
2016-11-07 15:36:09 [info][application][LoginBehavior.php:114=>LoginDAO.php:425=>LoginController.php:163] 登陆校验成功
2016-11-07 15:36:09 [trace][application][LoginDAO.php:434=>LoginController.php:163=>LoginController.php:177] query sql: select Account, Passwd, UserName from UserInfo where Account=:account
2016-11-07 15:36:09 [info][application][LoginDAO.php:455=>LoginController.php:163=>LoginController.php:177] new password: 000, md5: c6f057b86584942e415435ffb1fa93d4


2016-11-07 15:36:58 [trace][yii\base\Application::bootstrap]] Bootstrap with yii\log\Dispatcher
2016-11-07 15:36:58 [trace][yii\web\UrlRule::parseRequest]] Request parsed with URL rule: <prefix:cgi>/<module:\w+>/<Controller:\w+>/<action:[a-z0-9\-_]+>
2016-11-07 15:36:58 [trace][yii\web\Application::handleRequest]] Route requested: 'wy/cgi/login/update-passwd'
2016-11-07 15:36:58 [trace][yii\base\Controller::runAction]] Route to run: wy/cgi/login/update-passwd
2016-11-07 15:36:58 [trace][yii\base\InlineAction::runWithParams]] Running action: app\wy\cgi\LoginController::actionUpdatePasswd()
2016-11-07 15:36:58 [info][application][LoginBehavior.php:114=>LoginDAO.php:425=>LoginController.php:163] 登陆校验成功
2016-11-07 15:36:58 [trace][application][LoginDAO.php:434=>LoginController.php:163=>LoginController.php:177] query sql: select Account, Passwd, UserName from UserInfo where Account=:account
2016-11-07 15:36:58 [info][application][LoginDAO.php:455=>LoginController.php:163=>LoginController.php:177] new password: 000, md5: c6f057b86584942e415435ffb1fa93d4


2016-11-07 15:37:00 [trace][yii\base\Application::bootstrap]] Bootstrap with yii\log\Dispatcher
2016-11-07 15:37:00 [trace][yii\web\UrlRule::parseRequest]] Request parsed with URL rule: <prefix:cgi>/<module:\w+>/<Controller:\w+>/<action:[a-z0-9\-_]+>
2016-11-07 15:37:00 [trace][yii\web\Application::handleRequest]] Route requested: 'wy/cgi/login/update-passwd'
2016-11-07 15:37:00 [trace][yii\base\Controller::runAction]] Route to run: wy/cgi/login/update-passwd
2016-11-07 15:37:00 [trace][yii\base\InlineAction::runWithParams]] Running action: app\wy\cgi\LoginController::actionUpdatePasswd()
2016-11-07 15:37:00 [info][application][LoginBehavior.php:114=>LoginDAO.php:425=>LoginController.php:163] 登陆校验成功
2016-11-07 15:37:00 [trace][application][LoginDAO.php:434=>LoginController.php:163=>LoginController.php:177] query sql: select Account, Passwd, UserName from UserInfo where Account=:account
2016-11-07 15:37:00 [info][application][LoginDAO.php:455=>LoginController.php:163=>LoginController.php:177] new password: 000, md5: c6f057b86584942e415435ffb1fa93d4


2016-11-07 15:37:43 [trace][yii\base\Application::bootstrap]] Bootstrap with yii\log\Dispatcher
2016-11-07 15:37:43 [trace][yii\web\UrlRule::parseRequest]] Request parsed with URL rule: <prefix:cgi>/<module:\w+>/<Controller:\w+>/<action:[a-z0-9\-_]+>
2016-11-07 15:37:43 [trace][yii\web\Application::handleRequest]] Route requested: 'wy/cgi/login/update-passwd'
2016-11-07 15:37:43 [trace][yii\base\Controller::runAction]] Route to run: wy/cgi/login/update-passwd
2016-11-07 15:37:43 [trace][yii\base\InlineAction::runWithParams]] Running action: app\wy\cgi\LoginController::actionUpdatePasswd()
2016-11-07 15:37:43 [info][application][LoginBehavior.php:114=>LoginDAO.php:425=>LoginController.php:163] 登陆校验成功
2016-11-07 15:37:43 [trace][application][LoginDAO.php:434=>LoginController.php:163=>LoginController.php:177] query sql: select Account, Passwd, UserName from UserInfo where Account=:account
2016-11-07 15:37:43 [info][application][LoginDAO.php:455=>LoginController.php:163=>LoginController.php:177] new password: 000, md5: c6f057b86584942e415435ffb1fa93d4
2016-11-07 15:37:43 [error][Error]] 'Error: Call to undefined method app\\wy\\ao\\LoginBehavior::loginAccount() in /Users/apple/software/project/workspace/wy/src/wy-back-end/web/biz/wy/dao/LoginDAO.php:458
Stack trace:
#0 /Users/apple/software/project/workspace/wy/src/wy-back-end/web/biz/wy/cgi/LoginController.php(163): app\\wy\\dao\\LoginDAO->updatePassword(Array, NULL)
#1 /Users/apple/software/project/workspace/wy/src/wy-back-end/web/biz/wy/cgi/LoginController.php(177): app\\wy\\cgi\\LoginController->_actionUpdatePasswd()
#2 [internal function]: app\\wy\\cgi\\LoginController->actionUpdatePasswd()
#3 /Users/apple/software/project/workspace/wy/src/wy-back-end/framework/base/InlineAction.php(55): call_user_func_array(Array, Array)
#4 /Users/apple/software/project/workspace/wy/src/wy-back-end/framework/base/Controller.php(154): yii\\base\\InlineAction->runWithParams(Array)
#5 /Users/apple/software/project/workspace/wy/src/wy-back-end/framework/base/Module.php(454): yii\\base\\Controller->runAction(\'update-passwd\', Array)
#6 /Users/apple/software/project/workspace/wy/src/wy-back-end/framework/web/Application.php(100): yii\\base\\Module->runAction(\'wy/cgi/login/up...\', Array)
#7 /Users/apple/software/project/workspace/wy/src/wy-back-end/framework/base/Application.php(375): yii\\web\\Application->handleRequest(Object(yii\\web\\Request))
#8 /Users/apple/software/project/workspace/wy/src/wy-back-end/web/index/index.php(17): yii\\base\\Application->run()
#9 {main}'


2016-11-07 15:37:52 [trace][yii\base\Application::bootstrap]] Bootstrap with yii\log\Dispatcher
2016-11-07 15:37:52 [trace][yii\web\UrlRule::parseRequest]] Request parsed with URL rule: <prefix:cgi>/<module:\w+>/<Controller:\w+>/<action:[a-z0-9\-_]+>
2016-11-07 15:37:52 [trace][yii\web\Application::handleRequest]] Route requested: 'wy/cgi/login/update-passwd'
2016-11-07 15:37:52 [trace][yii\base\Controller::runAction]] Route to run: wy/cgi/login/update-passwd
2016-11-07 15:37:52 [trace][yii\base\InlineAction::runWithParams]] Running action: app\wy\cgi\LoginController::actionUpdatePasswd()
2016-11-07 15:37:52 [info][application][LoginBehavior.php:114=>LoginDAO.php:425=>LoginController.php:163] 登陆校验成功
2016-11-07 15:37:52 [trace][application][LoginDAO.php:434=>LoginController.php:163=>LoginController.php:177] query sql: select Account, Passwd, UserName from UserInfo where Account=:account
2016-11-07 15:37:52 [info][application][LoginDAO.php:455=>LoginController.php:163=>LoginController.php:177] new password: 000, md5: c6f057b86584942e415435ffb1fa93d4


2016-11-07 15:38:23 [trace][yii\base\Application::bootstrap]] Bootstrap with yii\log\Dispatcher
2016-11-07 15:38:23 [trace][yii\web\UrlRule::parseRequest]] Request parsed with URL rule: <prefix:cgi>/<module:\w+>/<Controller:\w+>/<action:[a-z0-9\-_]+>
2016-11-07 15:38:23 [trace][yii\web\Application::handleRequest]] Route requested: 'wy/cgi/login/update-passwd'
2016-11-07 15:38:23 [trace][yii\base\Controller::runAction]] Route to run: wy/cgi/login/update-passwd
2016-11-07 15:38:23 [trace][yii\base\InlineAction::runWithParams]] Running action: app\wy\cgi\LoginController::actionUpdatePasswd()
2016-11-07 15:38:23 [info][application][LoginBehavior.php:114=>LoginDAO.php:425=>LoginController.php:163] 登陆校验成功
2016-11-07 15:38:23 [trace][application][LoginDAO.php:434=>LoginController.php:163=>LoginController.php:177] query sql: select Account, Passwd, UserName from UserInfo where Account=:account
2016-11-07 15:38:23 [error][yii\base\ErrorException:8]] 'yii\\base\\ErrorException: Undefined offset: 0 in /Users/apple/software/project/workspace/wy/src/wy-back-end/web/biz/wy/dao/LoginDAO.php:448
Stack trace:
#0 /Users/apple/software/project/workspace/wy/src/wy-back-end/web/biz/wy/dao/LoginDAO.php(448): yii\\base\\ErrorHandler->handleError(8, \'Undefined offse...\', \'/Users/apple/so...\', 448, Array)
#1 /Users/apple/software/project/workspace/wy/src/wy-back-end/web/biz/wy/cgi/LoginController.php(163): app\\wy\\dao\\LoginDAO->updatePassword(Array, NULL)
#2 /Users/apple/software/project/workspace/wy/src/wy-back-end/web/biz/wy/cgi/LoginController.php(177): app\\wy\\cgi\\LoginController->_actionUpdatePasswd()
#3 [internal function]: app\\wy\\cgi\\LoginController->actionUpdatePasswd()
#4 /Users/apple/software/project/workspace/wy/src/wy-back-end/framework/base/InlineAction.php(55): call_user_func_array(Array, Array)
#5 /Users/apple/software/project/workspace/wy/src/wy-back-end/framework/base/Controller.php(154): yii\\base\\InlineAction->runWithParams(Array)
#6 /Users/apple/software/project/workspace/wy/src/wy-back-end/framework/base/Module.php(454): yii\\base\\Controller->runAction(\'update-passwd\', Array)
#7 /Users/apple/software/project/workspace/wy/src/wy-back-end/framework/web/Application.php(100): yii\\base\\Module->runAction(\'wy/cgi/login/up...\', Array)
#8 /Users/apple/software/project/workspace/wy/src/wy-back-end/framework/base/Application.php(375): yii\\web\\Application->handleRequest(Object(yii\\web\\Request))
#9 /Users/apple/software/project/workspace/wy/src/wy-back-end/web/index/index.php(17): yii\\base\\Application->run()
#10 {main}'


2016-11-07 15:38:30 [trace][yii\base\Application::bootstrap]] Bootstrap with yii\log\Dispatcher
2016-11-07 15:38:30 [trace][yii\web\UrlRule::parseRequest]] Request parsed with URL rule: <prefix:cgi>/<module:\w+>/<Controller:\w+>/<action:[a-z0-9\-_]+>
2016-11-07 15:38:30 [trace][yii\web\Application::handleRequest]] Route requested: 'wy/cgi/login/update-passwd'
2016-11-07 15:38:30 [trace][yii\base\Controller::runAction]] Route to run: wy/cgi/login/update-passwd
2016-11-07 15:38:30 [trace][yii\base\InlineAction::runWithParams]] Running action: app\wy\cgi\LoginController::actionUpdatePasswd()
2016-11-07 15:38:30 [info][application][LoginBehavior.php:114=>LoginDAO.php:425=>LoginController.php:163] 登陆校验成功
2016-11-07 15:38:30 [trace][application][LoginDAO.php:434=>LoginController.php:163=>LoginController.php:177] query sql: select Account, Passwd, UserName from UserInfo where Account=:account


2016-11-07 15:44:07 [trace][yii\base\Application::bootstrap]] Bootstrap with yii\log\Dispatcher
2016-11-07 15:44:07 [trace][yii\web\UrlRule::parseRequest]] Request parsed with URL rule: <prefix:cgi>/<module:\w+>/<Controller:\w+>/<action:[a-z0-9\-_]+>
2016-11-07 15:44:07 [trace][yii\web\Application::handleRequest]] Route requested: 'wy/cgi/login/update-passwd'
2016-11-07 15:44:07 [trace][yii\base\Controller::runAction]] Route to run: wy/cgi/login/update-passwd
2016-11-07 15:44:07 [trace][yii\base\InlineAction::runWithParams]] Running action: app\wy\cgi\LoginController::actionUpdatePasswd()
2016-11-07 15:44:07 [info][application][LoginBehavior.php:114=>LoginDAO.php:425=>LoginController.php:163] 登陆校验成功
2016-11-07 15:44:07 [trace][application][LoginDAO.php:434=>LoginController.php:163=>LoginController.php:177] query sql: select Account, Passwd, UserName from UserInfo where Account=:account


2016-11-07 15:44:19 [trace][yii\base\Application::bootstrap]] Bootstrap with yii\log\Dispatcher
2016-11-07 15:44:19 [trace][yii\web\UrlRule::parseRequest]] Request parsed with URL rule: <prefix:cgi>/<module:\w+>/<Controller:\w+>/<action:[a-z0-9\-_]+>
2016-11-07 15:44:19 [trace][yii\web\Application::handleRequest]] Route requested: 'wy/cgi/login/update-passwd'
2016-11-07 15:44:19 [trace][yii\base\Controller::runAction]] Route to run: wy/cgi/login/update-passwd
2016-11-07 15:44:19 [trace][yii\base\InlineAction::runWithParams]] Running action: app\wy\cgi\LoginController::actionUpdatePasswd()
2016-11-07 15:44:19 [info][application][LoginBehavior.php:114=>LoginDAO.php:425=>LoginController.php:163] 登陆校验成功
2016-11-07 15:44:19 [trace][application][LoginDAO.php:434=>LoginController.php:163=>LoginController.php:177] query sql: select Account, Passwd, UserName from UserInfo where Account=:account


2016-11-07 15:45:27 [trace][yii\base\Application::bootstrap]] Bootstrap with yii\log\Dispatcher
2016-11-07 15:45:27 [trace][yii\web\UrlRule::parseRequest]] Request parsed with URL rule: <prefix:cgi>/<module:\w+>/<Controller:\w+>/<action:[a-z0-9\-_]+>
2016-11-07 15:45:27 [trace][yii\web\Application::handleRequest]] Route requested: 'wy/cgi/login/update-passwd'
2016-11-07 15:45:27 [trace][yii\base\Controller::runAction]] Route to run: wy/cgi/login/update-passwd
2016-11-07 15:45:27 [trace][yii\base\InlineAction::runWithParams]] Running action: app\wy\cgi\LoginController::actionUpdatePasswd()
2016-11-07 15:45:27 [info][application][LoginBehavior.php:114=>LoginDAO.php:422=>LoginController.php:163] 登陆校验成功
2016-11-07 15:45:27 [trace][application][LoginDAO.php:431=>LoginController.php:163=>LoginController.php:177] query sql: select Account, Passwd, UserName from UserInfo where Account=:account


2016-11-07 15:47:21 [trace][yii\base\Application::bootstrap]] Bootstrap with yii\log\Dispatcher
2016-11-07 15:47:21 [trace][yii\web\UrlRule::parseRequest]] Request parsed with URL rule: <prefix:cgi>/<module:\w+>/<Controller:\w+>/<action:[a-z0-9\-_]+>
2016-11-07 15:47:21 [trace][yii\web\Application::handleRequest]] Route requested: 'wy/cgi/login/update-passwd'
2016-11-07 15:47:21 [trace][yii\base\Controller::runAction]] Route to run: wy/cgi/login/update-passwd
2016-11-07 15:47:21 [trace][yii\base\InlineAction::runWithParams]] Running action: app\wy\cgi\LoginController::actionUpdatePasswd()
2016-11-07 15:47:21 [info][application][LoginBehavior.php:114=>LoginDAO.php:422=>LoginController.php:163] 登陆校验成功
2016-11-07 15:47:21 [trace][application][LoginDAO.php:431=>LoginController.php:163=>LoginController.php:177] query sql: select Account, Passwd, UserName from UserInfo where Account=:account
2016-11-07 15:47:21 [error][yii\base\ErrorException:8]] 'yii\\base\\ErrorException: Undefined variable: oldPwd in /Users/apple/software/project/workspace/wy/src/wy-back-end/web/biz/wy/dao/LoginDAO.php:441
Stack trace:
#0 /Users/apple/software/project/workspace/wy/src/wy-back-end/web/biz/wy/dao/LoginDAO.php(441): yii\\base\\ErrorHandler->handleError(8, \'Undefined varia...\', \'/Users/apple/so...\', 441, Array)
#1 /Users/apple/software/project/workspace/wy/src/wy-back-end/web/biz/wy/cgi/LoginController.php(163): app\\wy\\dao\\LoginDAO->updatePassword(Array, NULL)
#2 /Users/apple/software/project/workspace/wy/src/wy-back-end/web/biz/wy/cgi/LoginController.php(177): app\\wy\\cgi\\LoginController->_actionUpdatePasswd()
#3 [internal function]: app\\wy\\cgi\\LoginController->actionUpdatePasswd()
#4 /Users/apple/software/project/workspace/wy/src/wy-back-end/framework/base/InlineAction.php(55): call_user_func_array(Array, Array)
#5 /Users/apple/software/project/workspace/wy/src/wy-back-end/framework/base/Controller.php(154): yii\\base\\InlineAction->runWithParams(Array)
#6 /Users/apple/software/project/workspace/wy/src/wy-back-end/framework/base/Module.php(454): yii\\base\\Controller->runAction(\'update-passwd\', Array)
#7 /Users/apple/software/project/workspace/wy/src/wy-back-end/framework/web/Application.php(100): yii\\base\\Module->runAction(\'wy/cgi/login/up...\', Array)
#8 /Users/apple/software/project/workspace/wy/src/wy-back-end/framework/base/Application.php(375): yii\\web\\Application->handleRequest(Object(yii\\web\\Request))
#9 /Users/apple/software/project/workspace/wy/src/wy-back-end/web/index/index.php(17): yii\\base\\Application->run()
#10 {main}'


2016-11-07 15:47:37 [trace][yii\base\Application::bootstrap]] Bootstrap with yii\log\Dispatcher
2016-11-07 15:47:37 [trace][yii\web\UrlRule::parseRequest]] Request parsed with URL rule: <prefix:cgi>/<module:\w+>/<Controller:\w+>/<action:[a-z0-9\-_]+>
2016-11-07 15:47:37 [trace][yii\web\Application::handleRequest]] Route requested: 'wy/cgi/login/update-passwd'
2016-11-07 15:47:37 [trace][yii\base\Controller::runAction]] Route to run: wy/cgi/login/update-passwd
2016-11-07 15:47:37 [trace][yii\base\InlineAction::runWithParams]] Running action: app\wy\cgi\LoginController::actionUpdatePasswd()
2016-11-07 15:47:37 [info][application][LoginBehavior.php:114=>LoginDAO.php:422=>LoginController.php:163] 登陆校验成功
2016-11-07 15:47:37 [trace][application][LoginDAO.php:431=>LoginController.php:163=>LoginController.php:177] query sql: select Account, Passwd, UserName from UserInfo where Account=:account
2016-11-07 15:47:37 [info][application][LoginDAO.php:441=>LoginController.php:163=>LoginController.php:177] old password: c6f057b86584942e415435ffb1fa93d4, input old password: 123, 202cb962ac59075b964b07152d234b70


2016-11-07 15:49:30 [trace][yii\base\Application::bootstrap]] Bootstrap with yii\log\Dispatcher
2016-11-07 15:49:30 [trace][yii\web\UrlRule::parseRequest]] Request parsed with URL rule: <prefix:cgi>/<module:\w+>/<Controller:\w+>/<action:[a-z0-9\-_]+>
2016-11-07 15:49:30 [trace][yii\web\Application::handleRequest]] Route requested: 'wy/cgi/login/update-passwd'
2016-11-07 15:49:30 [trace][yii\base\Controller::runAction]] Route to run: wy/cgi/login/update-passwd
2016-11-07 15:49:30 [trace][yii\base\InlineAction::runWithParams]] Running action: app\wy\cgi\LoginController::actionUpdatePasswd()
2016-11-07 15:49:30 [info][application][LoginBehavior.php:114=>LoginDAO.php:422=>LoginController.php:163] 登陆校验成功
2016-11-07 15:49:30 [trace][application][LoginDAO.php:431=>LoginController.php:163=>LoginController.php:177] query sql: select Account, Passwd, UserName from UserInfo where Account=:account
2016-11-07 15:49:30 [info][application][LoginDAO.php:441=>LoginController.php:163=>LoginController.php:177] old password: c6f057b86584942e415435ffb1fa93d4, input old password: 123, 202cb962ac59075b964b07152d234b70
2016-11-07 15:49:30 [error][application][LoginDAO.php:445=>LoginController.php:163=>LoginController.php:177] 旧密码不匹配
2016-11-07 15:49:30 [error][application][LoginController.php:165=>LoginController.php:177] 更新密码失败


2016-11-07 15:49:49 [trace][yii\base\Application::bootstrap]] Bootstrap with yii\log\Dispatcher
2016-11-07 15:49:49 [trace][yii\web\UrlRule::parseRequest]] Request parsed with URL rule: <prefix:cgi>/<module:\w+>/<Controller:\w+>/<action:[a-z0-9\-_]+>
2016-11-07 15:49:49 [trace][yii\web\Application::handleRequest]] Route requested: 'wy/cgi/login/update-passwd'
2016-11-07 15:49:49 [trace][yii\base\Controller::runAction]] Route to run: wy/cgi/login/update-passwd
2016-11-07 15:49:49 [trace][yii\base\InlineAction::runWithParams]] Running action: app\wy\cgi\LoginController::actionUpdatePasswd()
2016-11-07 15:49:49 [info][application][LoginBehavior.php:114=>LoginDAO.php:422=>LoginController.php:163] 登陆校验成功
2016-11-07 15:49:49 [trace][application][LoginDAO.php:431=>LoginController.php:163=>LoginController.php:177] query sql: select Account, Passwd, UserName from UserInfo where Account=:account
2016-11-07 15:49:49 [info][application][LoginDAO.php:441=>LoginController.php:163=>LoginController.php:177] old password: c6f057b86584942e415435ffb1fa93d4, input old password: 000, c6f057b86584942e415435ffb1fa93d4


2016-11-07 15:49:55 [trace][yii\base\Application::bootstrap]] Bootstrap with yii\log\Dispatcher
2016-11-07 15:49:55 [trace][yii\web\UrlRule::parseRequest]] Request parsed with URL rule: <prefix:cgi>/<module:\w+>/<Controller:\w+>/<action:[a-z0-9\-_]+>
2016-11-07 15:49:55 [trace][yii\web\Application::handleRequest]] Route requested: 'wy/cgi/login/update-passwd'
2016-11-07 15:49:55 [trace][yii\base\Controller::runAction]] Route to run: wy/cgi/login/update-passwd
2016-11-07 15:49:55 [trace][yii\base\InlineAction::runWithParams]] Running action: app\wy\cgi\LoginController::actionUpdatePasswd()
2016-11-07 15:49:55 [info][application][LoginBehavior.php:114=>LoginDAO.php:422=>LoginController.php:163] 登陆校验成功
2016-11-07 15:49:55 [trace][application][LoginDAO.php:431=>LoginController.php:163=>LoginController.php:177] query sql: select Account, Passwd, UserName from UserInfo where Account=:account
2016-11-07 15:49:55 [info][application][LoginDAO.php:441=>LoginController.php:163=>LoginController.php:177] old password: c6f057b86584942e415435ffb1fa93d4, input old password: 000, c6f057b86584942e415435ffb1fa93d4


